<?xml version="1.0" encoding="UTF-8"?>
<!-- Generated by org.testng.reporters.JUnitReportReporter -->
<testsuite hostname="shiva-PC" failures="0" tests="1" name="practice.GetTest" time="3.463" errors="0" timestamp="2021-08-02T22:09:45 IST" skipped="0">
  <testcase classname="practice.GetTest" name="test_02" time="3.463"/>
  <system-out/>
</testsuite> <!-- practice.GetTest -->
