<?xml version="1.0" encoding="UTF-8"?>
<!-- Generated by org.testng.reporters.JUnitReportReporter -->
<testsuite hostname="shiva-PC" failures="0" tests="1" name="practice.PostTest" time="3.144" errors="0" timestamp="2021-08-02T22:09:33 IST" skipped="0">
  <testcase classname="practice.PostTest" name="testingPost" time="3.144"/>
  <system-out/>
</testsuite> <!-- practice.PostTest -->
