<?xml version="1.0" encoding="UTF-8"?>
<!-- Generated by org.testng.reporters.JUnitReportReporter -->
<testsuite hostname="shiva-PC" failures="0" tests="1" name="practice.SampleTest" time="2.637" errors="0" timestamp="2021-08-02T22:09:22 IST" skipped="0">
  <testcase classname="practice.SampleTest" name="test_01" time="2.637"/>
  <system-out/>
</testsuite> <!-- practice.SampleTest -->
