<?xml version="1.0" encoding="UTF-8"?>
<!-- Generated by org.testng.reporters.JUnitReportReporter -->
<testsuite hostname="shiva-PC" failures="0" tests="2" name="practice.SampleTest" time="6.548" errors="0" timestamp="2021-08-02T19:47:23 IST" skipped="0">
  <testcase classname="practice.SampleTest" name="test_01" time="4.885"/>
  <system-out/>
  <testcase classname="practice.SampleTest" name="test_02" time="1.663"/>
  <system-out/>
</testsuite> <!-- practice.SampleTest -->
