<?xml version="1.0" encoding="UTF-8"?>
<!-- Generated by org.testng.reporters.JUnitReportReporter -->
<testsuite hostname="shiva-PC" failures="0" tests="1" name="practice.PostTest" time="4.459" errors="0" timestamp="2021-08-02T21:20:55 IST" skipped="0">
  <testcase classname="practice.PostTest" name="testingPost" time="4.459"/>
  <system-out/>
</testsuite> <!-- practice.PostTest -->
